#! c:/iverilog-x64/bin/vvp
:ivl_version "10.1 (stable)" "(v10_1_1)";
:ivl_delay_selection "TYPICAL";
:vpi_time_precision + 0;
:vpi_module "system";
:vpi_module "vhdl_sys";
:vpi_module "v2005_math";
:vpi_module "va_math";
S_00000000027a65b0 .scope module, "TopLevel" "TopLevel" 2 1;
 .timescale 0 0;
    .port_info 0 /INPUT 1 "clk"
    .port_info 1 /INPUT 1 "reset"
    .port_info 2 /INPUT 1 "Start"
    .port_info 3 /INPUT 1 "Stop"
    .port_info 4 /INPUT 1 "Clear"
    .port_info 5 /INPUT 1 "Countdown"
    .port_info 6 /OUTPUT 7 "LED_Out1"
    .port_info 7 /OUTPUT 7 "LED_Out2"
    .port_info 8 /OUTPUT 7 "LED_Out3"
    .port_info 9 /OUTPUT 7 "LED_Out4"
o00000000027c8048 .functor BUFZ 1, C4<z>; HiZ drive
v000000000281bfa0_0 .net "Clear", 0 0, o00000000027c8048;  0 drivers
o00000000027c8078 .functor BUFZ 1, C4<z>; HiZ drive
v000000000281c400_0 .net "Countdown", 0 0, o00000000027c8078;  0 drivers
v000000000281b640_0 .net "LED_Out1", 6 0, v000000000113e9b0_0;  1 drivers
v000000000281aa60_0 .net "LED_Out2", 6 0, v0000000002819760_0;  1 drivers
v000000000281baa0_0 .net "LED_Out3", 6 0, v0000000002819120_0;  1 drivers
v000000000281b1e0_0 .net "LED_Out4", 6 0, v0000000002819620_0;  1 drivers
v000000000281ba00_0 .net "Minutes", 3 0, v00000000028193a0_0;  1 drivers
v000000000281ab00_0 .net "Ones_Seconds", 3 0, v0000000002819440_0;  1 drivers
o00000000027c80a8 .functor BUFZ 1, C4<z>; HiZ drive
v000000000281b000_0 .net "Start", 0 0, o00000000027c80a8;  0 drivers
o00000000027c80d8 .functor BUFZ 1, C4<z>; HiZ drive
v000000000281af60_0 .net "Stop", 0 0, o00000000027c80d8;  0 drivers
v000000000281bf00_0 .net "Tens_Seconds", 3 0, v00000000028199e0_0;  1 drivers
v000000000281aba0_0 .net "Tenths_Seconds", 3 0, v0000000002819a80_0;  1 drivers
o00000000027c7b98 .functor BUFZ 1, C4<z>; HiZ drive
v000000000281bdc0_0 .net "clk", 0 0, o00000000027c7b98;  0 drivers
v000000000281b0a0_0 .net "counter_trigger", 0 0, v00000000027b7ba0_0;  1 drivers
o00000000027c81f8 .functor BUFZ 1, C4<z>; HiZ drive
v000000000281bbe0_0 .net "reset", 0 0, o00000000027c81f8;  0 drivers
S_00000000027a67e0 .scope module, "counter" "StopwatchCounter" 2 11, 3 1 0, S_00000000027a65b0;
 .timescale 0 0;
    .port_info 0 /INPUT 1 "clk"
    .port_info 1 /OUTPUT 1 "counter_trigger"
P_00000000027aae50 .param/l "CLOCK_SPEED" 0 3 7, +C4<00000000000000000000000001100100>;
P_00000000027aae88 .param/real "DESIRED_PERIOD" 0 3 10, Cr<m0gfc1>; value=0.00000
v00000000027b8050_0 .net "clk", 0 0, o00000000027c7b98;  alias, 0 drivers
v00000000027bb9d0_0 .var "counter", 31 0;
v00000000027b7ba0_0 .var "counter_trigger", 0 0;
E_00000000027c25b0 .event posedge, v00000000027b8050_0;
S_000000000113e790 .scope module, "decoder1" "SevenSegmentDecoder" 2 29, 4 1 0, S_00000000027a65b0;
 .timescale 0 0;
    .port_info 0 /INPUT 4 "data"
    .port_info 1 /OUTPUT 7 "segment"
v000000000113e910_0 .net "data", 3 0, v00000000028193a0_0;  alias, 1 drivers
v000000000113e9b0_0 .var "segment", 6 0;
v000000000113ea50 .array "segment_patterns", 0 15, 6 0;
E_00000000027c19f0 .event edge, v000000000113e910_0;
S_0000000002762720 .scope module, "decoder2" "SevenSegmentDecoder" 2 34, 4 1 0, S_00000000027a65b0;
 .timescale 0 0;
    .port_info 0 /INPUT 4 "data"
    .port_info 1 /OUTPUT 7 "segment"
v000000000113eaf0_0 .net "data", 3 0, v00000000028199e0_0;  alias, 1 drivers
v0000000002819760_0 .var "segment", 6 0;
v0000000002819580 .array "segment_patterns", 0 15, 6 0;
E_00000000027c27f0 .event edge, v000000000113eaf0_0;
S_00000000027628a0 .scope module, "decoder3" "SevenSegmentDecoder" 2 39, 4 1 0, S_00000000027a65b0;
 .timescale 0 0;
    .port_info 0 /INPUT 4 "data"
    .port_info 1 /OUTPUT 7 "segment"
v0000000002819d00_0 .net "data", 3 0, v0000000002819440_0;  alias, 1 drivers
v0000000002819120_0 .var "segment", 6 0;
v0000000002819260 .array "segment_patterns", 0 15, 6 0;
E_00000000027c1e30 .event edge, v0000000002819d00_0;
S_000000000281a040 .scope module, "decoder4" "SevenSegmentDecoder" 2 44, 4 1 0, S_00000000027a65b0;
 .timescale 0 0;
    .port_info 0 /INPUT 4 "data"
    .port_info 1 /OUTPUT 7 "segment"
v0000000002819080_0 .net "data", 3 0, v0000000002819a80_0;  alias, 1 drivers
v0000000002819620_0 .var "segment", 6 0;
v00000000028194e0 .array "segment_patterns", 0 15, 6 0;
E_00000000027c22f0 .event edge, v0000000002819080_0;
S_000000000281a1c0 .scope module, "stopwatch" "Stopwatch" 2 16, 5 1 0, S_00000000027a65b0;
 .timescale 0 0;
    .port_info 0 /INPUT 1 "clk"
    .port_info 1 /INPUT 1 "reset"
    .port_info 2 /INPUT 1 "Start"
    .port_info 3 /INPUT 1 "Stop"
    .port_info 4 /INPUT 1 "Clear"
    .port_info 5 /INPUT 1 "Countdown"
    .port_info 6 /OUTPUT 4 "Minutes"
    .port_info 7 /OUTPUT 4 "Tens_Seconds"
    .port_info 8 /OUTPUT 4 "Ones_Seconds"
    .port_info 9 /OUTPUT 4 "Tenths_Seconds"
v0000000002819800_0 .net "Clear", 0 0, o00000000027c8048;  alias, 0 drivers
v0000000002819300_0 .net "Countdown", 0 0, o00000000027c8078;  alias, 0 drivers
v00000000028193a0_0 .var "Minutes", 3 0;
v0000000002819440_0 .var "Ones_Seconds", 3 0;
v00000000028198a0_0 .net "Start", 0 0, o00000000027c80a8;  alias, 0 drivers
v0000000002819940_0 .net "Stop", 0 0, o00000000027c80d8;  alias, 0 drivers
v00000000028199e0_0 .var "Tens_Seconds", 3 0;
v0000000002819a80_0 .var "Tenths_Seconds", 3 0;
v0000000002819b20_0 .net "clk", 0 0, o00000000027c7b98;  alias, 0 drivers
v0000000002819bc0_0 .net "counter_trigger", 0 0, v00000000028196c0_0;  1 drivers
v0000000002819c60_0 .var "next_Minutes", 3 0;
v0000000002819da0_0 .var "next_Ones_Seconds", 3 0;
v0000000002819ee0_0 .var "next_Tens_Seconds", 3 0;
v0000000002819f80_0 .var "next_Tenths_Seconds", 3 0;
v000000000281ae20_0 .var "nice_D", 0 0;
v000000000281b5a0_0 .net "reset", 0 0, o00000000027c81f8;  alias, 0 drivers
v000000000281a9c0_0 .var "running", 0 0;
E_00000000027c1e70 .event edge, v0000000002819300_0;
S_000000000281a340 .scope module, "counter" "StopwatchCounter" 5 10, 3 1 0, S_000000000281a1c0;
 .timescale 0 0;
    .port_info 0 /INPUT 1 "clk"
    .port_info 1 /OUTPUT 1 "counter_trigger"
P_00000000027ac950 .param/l "CLOCK_SPEED" 0 3 7, +C4<00000000000000000000000001100100>;
P_00000000027ac988 .param/real "DESIRED_PERIOD" 0 3 10, Cr<m0gfc1>; value=0.00000
v0000000002819e40_0 .net "clk", 0 0, o00000000027c7b98;  alias, 0 drivers
v00000000028191c0_0 .var "counter", 31 0;
v00000000028196c0_0 .var "counter_trigger", 0 0;
    .scope S_00000000027a67e0;
T_0 ;
    %pushi/vec4 0, 0, 32;
    %assign/vec4 v00000000027bb9d0_0, 0;
    %pushi/vec4 0, 0, 1;
    %assign/vec4 v00000000027b7ba0_0, 0;
    %end;
    .thread T_0;
    .scope S_00000000027a67e0;
T_1 ;
    %wait E_00000000027c25b0;
    %load/vec4 v00000000027bb9d0_0;
    %ix/vec4 4;
    %cvt/ru 4;
    %pushi/real 1073741824, 20450; load=-1.00000
    %cmp/wr;
    %flag_get/vec4 4;
    %flag_set/vec4 8;
    %jmp/0xz  T_1.0, 8;
    %pushi/vec4 0, 0, 32;
    %assign/vec4 v00000000027bb9d0_0, 0;
    %pushi/vec4 1, 0, 1;
    %assign/vec4 v00000000027b7ba0_0, 0;
    %jmp T_1.1;
T_1.0 ;
    %load/vec4 v00000000027bb9d0_0;
    %addi 1, 0, 32;
    %assign/vec4 v00000000027bb9d0_0, 0;
    %pushi/vec4 0, 0, 1;
    %assign/vec4 v00000000027b7ba0_0, 0;
T_1.1 ;
    %jmp T_1;
    .thread T_1;
    .scope S_000000000281a340;
T_2 ;
    %pushi/vec4 0, 0, 32;
    %assign/vec4 v00000000028191c0_0, 0;
    %pushi/vec4 0, 0, 1;
    %assign/vec4 v00000000028196c0_0, 0;
    %end;
    .thread T_2;
    .scope S_000000000281a340;
T_3 ;
    %wait E_00000000027c25b0;
    %load/vec4 v00000000028191c0_0;
    %ix/vec4 4;
    %cvt/ru 4;
    %pushi/real 1073741824, 20450; load=-1.00000
    %cmp/wr;
    %flag_get/vec4 4;
    %flag_set/vec4 8;
    %jmp/0xz  T_3.0, 8;
    %pushi/vec4 0, 0, 32;
    %assign/vec4 v00000000028191c0_0, 0;
    %pushi/vec4 1, 0, 1;
    %assign/vec4 v00000000028196c0_0, 0;
    %jmp T_3.1;
T_3.0 ;
    %load/vec4 v00000000028191c0_0;
    %addi 1, 0, 32;
    %assign/vec4 v00000000028191c0_0, 0;
    %pushi/vec4 0, 0, 1;
    %assign/vec4 v00000000028196c0_0, 0;
T_3.1 ;
    %jmp T_3;
    .thread T_3;
    .scope S_000000000281a1c0;
T_4 ;
    %wait E_00000000027c25b0;
    %load/vec4 v000000000281b5a0_0;
    %flag_set/vec4 8;
    %jmp/0xz  T_4.0, 8;
    %pushi/vec4 0, 0, 4;
    %assign/vec4 v00000000028193a0_0, 0;
    %pushi/vec4 0, 0, 4;
    %assign/vec4 v00000000028199e0_0, 0;
    %pushi/vec4 0, 0, 4;
    %assign/vec4 v0000000002819440_0, 0;
    %pushi/vec4 0, 0, 4;
    %assign/vec4 v0000000002819a80_0, 0;
    %pushi/vec4 0, 0, 1;
    %assign/vec4 v000000000281a9c0_0, 0;
    %jmp T_4.1;
T_4.0 ;
    %load/vec4 v0000000002819c60_0;
    %assign/vec4 v00000000028193a0_0, 0;
    %load/vec4 v0000000002819ee0_0;
    %assign/vec4 v00000000028199e0_0, 0;
    %load/vec4 v0000000002819da0_0;
    %assign/vec4 v0000000002819440_0, 0;
    %load/vec4 v0000000002819f80_0;
    %assign/vec4 v0000000002819a80_0, 0;
T_4.1 ;
    %jmp T_4;
    .thread T_4;
    .scope S_000000000281a1c0;
T_5 ;
    %wait E_00000000027c1e70;
    %load/vec4 v0000000002819300_0;
    %inv;
    %flag_set/vec4 8;
    %jmp/0xz  T_5.0, 8;
    %pushi/vec4 0, 0, 1;
    %assign/vec4 v000000000281ae20_0, 0;
    %jmp T_5.1;
T_5.0 ;
    %pushi/vec4 1, 0, 1;
    %assign/vec4 v000000000281ae20_0, 0;
T_5.1 ;
    %jmp T_5;
    .thread T_5, $push;
    .scope S_000000000281a1c0;
T_6 ;
    %wait E_00000000027c25b0;
    %load/vec4 v000000000281a9c0_0;
    %load/vec4 v000000000281ae20_0;
    %inv;
    %and;
    %flag_set/vec4 8;
    %jmp/0xz  T_6.0, 8;
    %load/vec4 v0000000002819bc0_0;
    %flag_set/vec4 8;
    %jmp/0xz  T_6.2, 8;
    %load/vec4 v0000000002819a80_0;
    %cmpi/e 9, 0, 4;
    %jmp/0xz  T_6.4, 4;
    %pushi/vec4 0, 0, 4;
    %assign/vec4 v0000000002819f80_0, 0;
    %load/vec4 v0000000002819440_0;
    %addi 1, 0, 4;
    %assign/vec4 v0000000002819da0_0, 0;
    %jmp T_6.5;
T_6.4 ;
    %load/vec4 v0000000002819a80_0;
    %addi 1, 0, 4;
    %assign/vec4 v0000000002819f80_0, 0;
T_6.5 ;
    %load/vec4 v0000000002819440_0;
    %pushi/vec4 9, 0, 4;
    %cmp/e;
    %flag_get/vec4 4;
    %load/vec4 v0000000002819a80_0;
    %pushi/vec4 9, 0, 4;
    %cmp/e;
    %flag_get/vec4 4;
    %and;
    %flag_set/vec4 8;
    %jmp/0xz  T_6.6, 8;
    %pushi/vec4 0, 0, 4;
    %assign/vec4 v0000000002819da0_0, 0;
    %load/vec4 v00000000028199e0_0;
    %addi 1, 0, 4;
    %assign/vec4 v0000000002819ee0_0, 0;
T_6.6 ;
    %load/vec4 v00000000028199e0_0;
    %pushi/vec4 5, 0, 4;
    %cmp/e;
    %flag_get/vec4 4;
    %load/vec4 v0000000002819440_0;
    %pushi/vec4 9, 0, 4;
    %cmp/e;
    %flag_get/vec4 4;
    %and;
    %load/vec4 v0000000002819a80_0;
    %pushi/vec4 9, 0, 4;
    %cmp/e;
    %flag_get/vec4 4;
    %and;
    %flag_set/vec4 8;
    %jmp/0xz  T_6.8, 8;
    %pushi/vec4 0, 0, 4;
    %assign/vec4 v0000000002819ee0_0, 0;
    %load/vec4 v00000000028193a0_0;
    %addi 1, 0, 4;
    %assign/vec4 v0000000002819c60_0, 0;
T_6.8 ;
T_6.2 ;
T_6.0 ;
    %jmp T_6;
    .thread T_6;
    .scope S_000000000281a1c0;
T_7 ;
    %wait E_00000000027c25b0;
    %load/vec4 v000000000281a9c0_0;
    %load/vec4 v000000000281ae20_0;
    %and;
    %flag_set/vec4 8;
    %jmp/0xz  T_7.0, 8;
    %load/vec4 v0000000002819bc0_0;
    %flag_set/vec4 8;
    %jmp/0xz  T_7.2, 8;
    %load/vec4 v0000000002819a80_0;
    %cmpi/e 0, 0, 4;
    %jmp/0xz  T_7.4, 4;
    %pushi/vec4 9, 0, 4;
    %assign/vec4 v0000000002819a80_0, 0;
    %load/vec4 v0000000002819440_0;
    %subi 1, 0, 4;
    %assign/vec4 v0000000002819da0_0, 0;
    %jmp T_7.5;
T_7.4 ;
    %load/vec4 v0000000002819a80_0;
    %subi 1, 0, 4;
    %assign/vec4 v0000000002819f80_0, 0;
T_7.5 ;
    %load/vec4 v0000000002819440_0;
    %pushi/vec4 0, 0, 4;
    %cmp/e;
    %flag_get/vec4 4;
    %load/vec4 v0000000002819a80_0;
    %pushi/vec4 0, 0, 4;
    %cmp/e;
    %flag_get/vec4 4;
    %and;
    %flag_set/vec4 8;
    %jmp/0xz  T_7.6, 8;
    %pushi/vec4 9, 0, 4;
    %assign/vec4 v0000000002819da0_0, 0;
    %load/vec4 v00000000028199e0_0;
    %subi 1, 0, 4;
    %assign/vec4 v0000000002819ee0_0, 0;
T_7.6 ;
    %load/vec4 v00000000028199e0_0;
    %pushi/vec4 0, 0, 4;
    %cmp/e;
    %flag_get/vec4 4;
    %load/vec4 v0000000002819440_0;
    %pushi/vec4 0, 0, 4;
    %cmp/e;
    %flag_get/vec4 4;
    %and;
    %load/vec4 v0000000002819a80_0;
    %pushi/vec4 0, 0, 4;
    %cmp/e;
    %flag_get/vec4 4;
    %and;
    %flag_set/vec4 8;
    %jmp/0xz  T_7.8, 8;
    %pushi/vec4 5, 0, 4;
    %assign/vec4 v0000000002819ee0_0, 0;
    %load/vec4 v00000000028193a0_0;
    %subi 1, 0, 4;
    %assign/vec4 v0000000002819c60_0, 0;
T_7.8 ;
T_7.2 ;
T_7.0 ;
    %jmp T_7;
    .thread T_7;
    .scope S_000000000281a1c0;
T_8 ;
    %wait E_00000000027c25b0;
    %load/vec4 v00000000028198a0_0;
    %flag_set/vec4 8;
    %jmp/0xz  T_8.0, 8;
    %pushi/vec4 1, 0, 1;
    %assign/vec4 v000000000281a9c0_0, 0;
T_8.0 ;
    %load/vec4 v0000000002819940_0;
    %flag_set/vec4 8;
    %jmp/0xz  T_8.2, 8;
    %pushi/vec4 0, 0, 1;
    %assign/vec4 v000000000281a9c0_0, 0;
T_8.2 ;
    %load/vec4 v0000000002819800_0;
    %load/vec4 v000000000281a9c0_0;
    %inv;
    %and;
    %flag_set/vec4 8;
    %jmp/0xz  T_8.4, 8;
    %pushi/vec4 0, 0, 4;
    %assign/vec4 v00000000028193a0_0, 0;
    %pushi/vec4 0, 0, 4;
    %assign/vec4 v00000000028199e0_0, 0;
    %pushi/vec4 0, 0, 4;
    %assign/vec4 v0000000002819440_0, 0;
    %pushi/vec4 0, 0, 4;
    %assign/vec4 v0000000002819a80_0, 0;
T_8.4 ;
    %jmp T_8;
    .thread T_8;
    .scope S_000000000113e790;
T_9 ;
    %pushi/vec4 1, 0, 7;
    %ix/load 4, 0, 0;
    %flag_set/imm 4, 0;
    %store/vec4a v000000000113ea50, 4, 0;
    %pushi/vec4 79, 0, 7;
    %ix/load 4, 1, 0;
    %flag_set/imm 4, 0;
    %store/vec4a v000000000113ea50, 4, 0;
    %pushi/vec4 18, 0, 7;
    %ix/load 4, 2, 0;
    %flag_set/imm 4, 0;
    %store/vec4a v000000000113ea50, 4, 0;
    %pushi/vec4 6, 0, 7;
    %ix/load 4, 3, 0;
    %flag_set/imm 4, 0;
    %store/vec4a v000000000113ea50, 4, 0;
    %pushi/vec4 76, 0, 7;
    %ix/load 4, 4, 0;
    %flag_set/imm 4, 0;
    %store/vec4a v000000000113ea50, 4, 0;
    %pushi/vec4 36, 0, 7;
    %ix/load 4, 5, 0;
    %flag_set/imm 4, 0;
    %store/vec4a v000000000113ea50, 4, 0;
    %pushi/vec4 32, 0, 7;
    %ix/load 4, 6, 0;
    %flag_set/imm 4, 0;
    %store/vec4a v000000000113ea50, 4, 0;
    %pushi/vec4 15, 0, 7;
    %ix/load 4, 7, 0;
    %flag_set/imm 4, 0;
    %store/vec4a v000000000113ea50, 4, 0;
    %pushi/vec4 0, 0, 7;
    %ix/load 4, 8, 0;
    %flag_set/imm 4, 0;
    %store/vec4a v000000000113ea50, 4, 0;
    %pushi/vec4 4, 0, 7;
    %ix/load 4, 9, 0;
    %flag_set/imm 4, 0;
    %store/vec4a v000000000113ea50, 4, 0;
    %pushi/vec4 59, 0, 7;
    %ix/load 4, 10, 0;
    %flag_set/imm 4, 0;
    %store/vec4a v000000000113ea50, 4, 0;
    %pushi/vec4 0, 0, 7;
    %ix/load 4, 11, 0;
    %flag_set/imm 4, 0;
    %store/vec4a v000000000113ea50, 4, 0;
    %end;
    .thread T_9;
    .scope S_000000000113e790;
T_10 ;
    %wait E_00000000027c19f0;
    %load/vec4 v000000000113e910_0;
    %pad/u 6;
    %ix/vec4 4;
    %load/vec4a v000000000113ea50, 4;
    %assign/vec4 v000000000113e9b0_0, 0;
    %jmp T_10;
    .thread T_10, $push;
    .scope S_0000000002762720;
T_11 ;
    %pushi/vec4 1, 0, 7;
    %ix/load 4, 0, 0;
    %flag_set/imm 4, 0;
    %store/vec4a v0000000002819580, 4, 0;
    %pushi/vec4 79, 0, 7;
    %ix/load 4, 1, 0;
    %flag_set/imm 4, 0;
    %store/vec4a v0000000002819580, 4, 0;
    %pushi/vec4 18, 0, 7;
    %ix/load 4, 2, 0;
    %flag_set/imm 4, 0;
    %store/vec4a v0000000002819580, 4, 0;
    %pushi/vec4 6, 0, 7;
    %ix/load 4, 3, 0;
    %flag_set/imm 4, 0;
    %store/vec4a v0000000002819580, 4, 0;
    %pushi/vec4 76, 0, 7;
    %ix/load 4, 4, 0;
    %flag_set/imm 4, 0;
    %store/vec4a v0000000002819580, 4, 0;
    %pushi/vec4 36, 0, 7;
    %ix/load 4, 5, 0;
    %flag_set/imm 4, 0;
    %store/vec4a v0000000002819580, 4, 0;
    %pushi/vec4 32, 0, 7;
    %ix/load 4, 6, 0;
    %flag_set/imm 4, 0;
    %store/vec4a v0000000002819580, 4, 0;
    %pushi/vec4 15, 0, 7;
    %ix/load 4, 7, 0;
    %flag_set/imm 4, 0;
    %store/vec4a v0000000002819580, 4, 0;
    %pushi/vec4 0, 0, 7;
    %ix/load 4, 8, 0;
    %flag_set/imm 4, 0;
    %store/vec4a v0000000002819580, 4, 0;
    %pushi/vec4 4, 0, 7;
    %ix/load 4, 9, 0;
    %flag_set/imm 4, 0;
    %store/vec4a v0000000002819580, 4, 0;
    %pushi/vec4 59, 0, 7;
    %ix/load 4, 10, 0;
    %flag_set/imm 4, 0;
    %store/vec4a v0000000002819580, 4, 0;
    %pushi/vec4 0, 0, 7;
    %ix/load 4, 11, 0;
    %flag_set/imm 4, 0;
    %store/vec4a v0000000002819580, 4, 0;
    %end;
    .thread T_11;
    .scope S_0000000002762720;
T_12 ;
    %wait E_00000000027c27f0;
    %load/vec4 v000000000113eaf0_0;
    %pad/u 6;
    %ix/vec4 4;
    %load/vec4a v0000000002819580, 4;
    %assign/vec4 v0000000002819760_0, 0;
    %jmp T_12;
    .thread T_12, $push;
    .scope S_00000000027628a0;
T_13 ;
    %pushi/vec4 1, 0, 7;
    %ix/load 4, 0, 0;
    %flag_set/imm 4, 0;
    %store/vec4a v0000000002819260, 4, 0;
    %pushi/vec4 79, 0, 7;
    %ix/load 4, 1, 0;
    %flag_set/imm 4, 0;
    %store/vec4a v0000000002819260, 4, 0;
    %pushi/vec4 18, 0, 7;
    %ix/load 4, 2, 0;
    %flag_set/imm 4, 0;
    %store/vec4a v0000000002819260, 4, 0;
    %pushi/vec4 6, 0, 7;
    %ix/load 4, 3, 0;
    %flag_set/imm 4, 0;
    %store/vec4a v0000000002819260, 4, 0;
    %pushi/vec4 76, 0, 7;
    %ix/load 4, 4, 0;
    %flag_set/imm 4, 0;
    %store/vec4a v0000000002819260, 4, 0;
    %pushi/vec4 36, 0, 7;
    %ix/load 4, 5, 0;
    %flag_set/imm 4, 0;
    %store/vec4a v0000000002819260, 4, 0;
    %pushi/vec4 32, 0, 7;
    %ix/load 4, 6, 0;
    %flag_set/imm 4, 0;
    %store/vec4a v0000000002819260, 4, 0;
    %pushi/vec4 15, 0, 7;
    %ix/load 4, 7, 0;
    %flag_set/imm 4, 0;
    %store/vec4a v0000000002819260, 4, 0;
    %pushi/vec4 0, 0, 7;
    %ix/load 4, 8, 0;
    %flag_set/imm 4, 0;
    %store/vec4a v0000000002819260, 4, 0;
    %pushi/vec4 4, 0, 7;
    %ix/load 4, 9, 0;
    %flag_set/imm 4, 0;
    %store/vec4a v0000000002819260, 4, 0;
    %pushi/vec4 59, 0, 7;
    %ix/load 4, 10, 0;
    %flag_set/imm 4, 0;
    %store/vec4a v0000000002819260, 4, 0;
    %pushi/vec4 0, 0, 7;
    %ix/load 4, 11, 0;
    %flag_set/imm 4, 0;
    %store/vec4a v0000000002819260, 4, 0;
    %end;
    .thread T_13;
    .scope S_00000000027628a0;
T_14 ;
    %wait E_00000000027c1e30;
    %load/vec4 v0000000002819d00_0;
    %pad/u 6;
    %ix/vec4 4;
    %load/vec4a v0000000002819260, 4;
    %assign/vec4 v0000000002819120_0, 0;
    %jmp T_14;
    .thread T_14, $push;
    .scope S_000000000281a040;
T_15 ;
    %pushi/vec4 1, 0, 7;
    %ix/load 4, 0, 0;
    %flag_set/imm 4, 0;
    %store/vec4a v00000000028194e0, 4, 0;
    %pushi/vec4 79, 0, 7;
    %ix/load 4, 1, 0;
    %flag_set/imm 4, 0;
    %store/vec4a v00000000028194e0, 4, 0;
    %pushi/vec4 18, 0, 7;
    %ix/load 4, 2, 0;
    %flag_set/imm 4, 0;
    %store/vec4a v00000000028194e0, 4, 0;
    %pushi/vec4 6, 0, 7;
    %ix/load 4, 3, 0;
    %flag_set/imm 4, 0;
    %store/vec4a v00000000028194e0, 4, 0;
    %pushi/vec4 76, 0, 7;
    %ix/load 4, 4, 0;
    %flag_set/imm 4, 0;
    %store/vec4a v00000000028194e0, 4, 0;
    %pushi/vec4 36, 0, 7;
    %ix/load 4, 5, 0;
    %flag_set/imm 4, 0;
    %store/vec4a v00000000028194e0, 4, 0;
    %pushi/vec4 32, 0, 7;
    %ix/load 4, 6, 0;
    %flag_set/imm 4, 0;
    %store/vec4a v00000000028194e0, 4, 0;
    %pushi/vec4 15, 0, 7;
    %ix/load 4, 7, 0;
    %flag_set/imm 4, 0;
    %store/vec4a v00000000028194e0, 4, 0;
    %pushi/vec4 0, 0, 7;
    %ix/load 4, 8, 0;
    %flag_set/imm 4, 0;
    %store/vec4a v00000000028194e0, 4, 0;
    %pushi/vec4 4, 0, 7;
    %ix/load 4, 9, 0;
    %flag_set/imm 4, 0;
    %store/vec4a v00000000028194e0, 4, 0;
    %pushi/vec4 59, 0, 7;
    %ix/load 4, 10, 0;
    %flag_set/imm 4, 0;
    %store/vec4a v00000000028194e0, 4, 0;
    %pushi/vec4 0, 0, 7;
    %ix/load 4, 11, 0;
    %flag_set/imm 4, 0;
    %store/vec4a v00000000028194e0, 4, 0;
    %end;
    .thread T_15;
    .scope S_000000000281a040;
T_16 ;
    %wait E_00000000027c22f0;
    %load/vec4 v0000000002819080_0;
    %pad/u 6;
    %ix/vec4 4;
    %load/vec4a v00000000028194e0, 4;
    %assign/vec4 v0000000002819620_0, 0;
    %jmp T_16;
    .thread T_16, $push;
# The file index is used to find the file name in the following table.
:file_names 6;
    "N/A";
    "<interactive>";
    "Toplevel.v";
    "StopwatchCounter.v";
    "Decoder.v";
    "Stopwatch.v";
