#! c:/iverilog-x64/bin/vvp
:ivl_version "10.1 (stable)" "(v10_1_1)";
:ivl_delay_selection "TYPICAL";
:vpi_time_precision + 0;
:vpi_module "system";
:vpi_module "vhdl_sys";
:vpi_module "v2005_math";
:vpi_module "va_math";
S_00000000028e61a0 .scope module, "top_level" "top_level" 2 1;
 .timescale 0 0;
o00000000028f03e8 .functor BUFZ 1, C4<z>; HiZ drive
v00000000029488f0_0 .net "Clear", 0 0, o00000000028f03e8;  0 drivers
o00000000028f0418 .functor BUFZ 1, C4<z>; HiZ drive
v00000000029485d0_0 .net "Countdown", 0 0, o00000000028f0418;  0 drivers
v0000000002947270_0 .net "Minutes", 3 0, v00000000028ef4c0_0;  1 drivers
v0000000002948210_0 .net "Ones_Seconds", 3 0, v00000000028ef420_0;  1 drivers
v00000000029480d0_0 .net "Seg", 0 0, L_00000000029479f0;  1 drivers
v0000000002947590_0 .net "Seg_Minutes", 0 6, v00000000028efd80_0;  1 drivers
v0000000002948990_0 .net "Seg_Ones_Seconds", 0 6, v00000000028ef9c0_0;  1 drivers
v0000000002947810_0 .net "Seg_Tens_Seconds", 0 6, v0000000002948490_0;  1 drivers
v00000000029482b0_0 .net "Seg_Tenths_Seconds", 0 6, v0000000002947130_0;  1 drivers
o00000000028f0448 .functor BUFZ 1, C4<z>; HiZ drive
v0000000002948d50_0 .net "Start", 0 0, o00000000028f0448;  0 drivers
o00000000028f0478 .functor BUFZ 1, C4<z>; HiZ drive
v00000000029476d0_0 .net "Stop", 0 0, o00000000028f0478;  0 drivers
v0000000002948a30_0 .net "Tens_Seconds", 3 0, v00000000028ef1a0_0;  1 drivers
v0000000002947e50_0 .net "Tenths_Seconds", 3 0, v00000000028efe20_0;  1 drivers
o00000000028f0088 .functor BUFZ 1, C4<z>; HiZ drive
v0000000002947770_0 .net "clk", 0 0, o00000000028f0088;  0 drivers
o00000000028f00b8 .functor BUFZ 1, C4<z>; HiZ drive
v0000000002948350_0 .net "reset", 0 0, o00000000028f00b8;  0 drivers
L_00000000029479f0 .part v00000000028ef880_0, 0, 1;
S_00000000028c90c0 .scope module, "minutes_decoder" "sevensegBCDdecoder" 2 9, 3 1 0, S_00000000028e61a0;
 .timescale 0 0;
    .port_info 0 /INPUT 4 "IN"
    .port_info 1 /INPUT 1 "clk"
    .port_info 2 /INPUT 1 "reset"
    .port_info 3 /OUTPUT 7 "Seg"
v00000000028ef060_0 .net "IN", 3 0, v00000000028ef4c0_0;  alias, 1 drivers
v00000000028efd80_0 .var "Seg", 0 6;
v00000000028ef600_0 .net "clk", 0 0, o00000000028f0088;  alias, 0 drivers
v00000000028efc40_0 .net "reset", 0 0, o00000000028f00b8;  alias, 0 drivers
E_00000000028e8e10 .event posedge, v00000000028efc40_0, v00000000028ef600_0;
S_00000000028c9240 .scope module, "ones_seconds_decoder" "sevensegBCDdecoder" 2 11, 3 1 0, S_00000000028e61a0;
 .timescale 0 0;
    .port_info 0 /INPUT 4 "IN"
    .port_info 1 /INPUT 1 "clk"
    .port_info 2 /INPUT 1 "reset"
    .port_info 3 /OUTPUT 7 "Seg"
v00000000028efce0_0 .net "IN", 3 0, v00000000028ef420_0;  alias, 1 drivers
v00000000028ef9c0_0 .var "Seg", 0 6;
v00000000028ef740_0 .net "clk", 0 0, o00000000028f0088;  alias, 0 drivers
v00000000028efa60_0 .net "reset", 0 0, o00000000028f00b8;  alias, 0 drivers
S_00000000028c45d0 .scope module, "sevensegBCDdecoder_inst" "sevensegBCDdecoder" 2 29, 3 1 0, S_00000000028e61a0;
 .timescale 0 0;
    .port_info 0 /INPUT 4 "IN"
    .port_info 1 /INPUT 1 "clk"
    .port_info 2 /INPUT 1 "reset"
    .port_info 3 /OUTPUT 7 "Seg"
L_0000000002980088 .functor BUFT 1, C4<000z>, C4<0>, C4<0>, C4<0>;
v00000000028ef920_0 .net "IN", 3 0, L_0000000002980088;  1 drivers
v00000000028ef880_0 .var "Seg", 0 6;
v00000000028ef2e0_0 .net "clk", 0 0, o00000000028f0088;  alias, 0 drivers
v00000000028ef380_0 .net "reset", 0 0, o00000000028f00b8;  alias, 0 drivers
S_00000000028c4750 .scope module, "stopwatch_inst" "stopwatch" 2 15, 4 1 0, S_00000000028e61a0;
 .timescale 0 0;
    .port_info 0 /INPUT 1 "clk"
    .port_info 1 /INPUT 1 "reset"
    .port_info 2 /INPUT 1 "Start"
    .port_info 3 /INPUT 1 "Stop"
    .port_info 4 /INPUT 1 "Clear"
    .port_info 5 /INPUT 1 "Countdown"
    .port_info 6 /OUTPUT 4 "Minutes"
    .port_info 7 /OUTPUT 4 "Tens_Seconds"
    .port_info 8 /OUTPUT 4 "Ones_Seconds"
    .port_info 9 /OUTPUT 4 "Tenths_Seconds"
v00000000028ef7e0_0 .net "Clear", 0 0, o00000000028f03e8;  alias, 0 drivers
v00000000028efb00_0 .net "Countdown", 0 0, o00000000028f0418;  alias, 0 drivers
v00000000028ef4c0_0 .var "Minutes", 3 0;
v00000000028ef420_0 .var "Ones_Seconds", 3 0;
v00000000028ef100_0 .net "Start", 0 0, o00000000028f0448;  alias, 0 drivers
v00000000028efba0_0 .net "Stop", 0 0, o00000000028f0478;  alias, 0 drivers
v00000000028ef1a0_0 .var "Tens_Seconds", 3 0;
v00000000028efe20_0 .var "Tenths_Seconds", 3 0;
v00000000028efec0_0 .net "clk", 0 0, o00000000028f0088;  alias, 0 drivers
v00000000028eff60_0 .var "next_Minutes", 3 0;
v00000000028ef240_0 .var "next_Ones_Seconds", 3 0;
v00000000028ef560_0 .var "next_Tens_Seconds", 3 0;
v0000000002948cb0_0 .var "next_Tenths_Seconds", 3 0;
v0000000002947b30_0 .var "nice_D", 0 0;
v0000000002947950_0 .net "reset", 0 0, o00000000028f00b8;  alias, 0 drivers
v0000000002947ef0_0 .var "running", 0 0;
E_00000000028e8e50 .event posedge, v00000000028ef600_0;
E_00000000028e8e90 .event edge, v00000000028efb00_0;
S_0000000002949050 .scope module, "tens_seconds_decoder" "sevensegBCDdecoder" 2 10, 3 1 0, S_00000000028e61a0;
 .timescale 0 0;
    .port_info 0 /INPUT 4 "IN"
    .port_info 1 /INPUT 1 "clk"
    .port_info 2 /INPUT 1 "reset"
    .port_info 3 /OUTPUT 7 "Seg"
v0000000002947090_0 .net "IN", 3 0, v00000000028ef1a0_0;  alias, 1 drivers
v0000000002948490_0 .var "Seg", 0 6;
v0000000002947630_0 .net "clk", 0 0, o00000000028f0088;  alias, 0 drivers
v00000000029474f0_0 .net "reset", 0 0, o00000000028f00b8;  alias, 0 drivers
S_00000000029491d0 .scope module, "tenths_seconds_decoder" "sevensegBCDdecoder" 2 12, 3 1 0, S_00000000028e61a0;
 .timescale 0 0;
    .port_info 0 /INPUT 4 "IN"
    .port_info 1 /INPUT 1 "clk"
    .port_info 2 /INPUT 1 "reset"
    .port_info 3 /OUTPUT 7 "Seg"
v0000000002948e90_0 .net "IN", 3 0, v00000000028efe20_0;  alias, 1 drivers
v0000000002947130_0 .var "Seg", 0 6;
v0000000002948c10_0 .net "clk", 0 0, o00000000028f0088;  alias, 0 drivers
v00000000029478b0_0 .net "reset", 0 0, o00000000028f00b8;  alias, 0 drivers
    .scope S_00000000028c90c0;
T_0 ;
    %wait E_00000000028e8e10;
    %load/vec4 v00000000028efc40_0;
    %flag_set/vec4 8;
    %jmp/0xz  T_0.0, 8;
    %pushi/vec4 127, 0, 7;
    %assign/vec4 v00000000028efd80_0, 0;
    %jmp T_0.1;
T_0.0 ;
    %load/vec4 v00000000028ef060_0;
    %dup/vec4;
    %pushi/vec4 0, 0, 4;
    %cmp/u;
    %jmp/1 T_0.2, 6;
    %dup/vec4;
    %pushi/vec4 1, 0, 4;
    %cmp/u;
    %jmp/1 T_0.3, 6;
    %dup/vec4;
    %pushi/vec4 2, 0, 4;
    %cmp/u;
    %jmp/1 T_0.4, 6;
    %dup/vec4;
    %pushi/vec4 3, 0, 4;
    %cmp/u;
    %jmp/1 T_0.5, 6;
    %dup/vec4;
    %pushi/vec4 4, 0, 4;
    %cmp/u;
    %jmp/1 T_0.6, 6;
    %dup/vec4;
    %pushi/vec4 5, 0, 4;
    %cmp/u;
    %jmp/1 T_0.7, 6;
    %dup/vec4;
    %pushi/vec4 6, 0, 4;
    %cmp/u;
    %jmp/1 T_0.8, 6;
    %dup/vec4;
    %pushi/vec4 7, 0, 4;
    %cmp/u;
    %jmp/1 T_0.9, 6;
    %dup/vec4;
    %pushi/vec4 8, 0, 4;
    %cmp/u;
    %jmp/1 T_0.10, 6;
    %dup/vec4;
    %pushi/vec4 9, 0, 4;
    %cmp/u;
    %jmp/1 T_0.11, 6;
    %pushi/vec4 127, 0, 7;
    %assign/vec4 v00000000028efd80_0, 0;
    %jmp T_0.13;
T_0.2 ;
    %pushi/vec4 1, 0, 7;
    %assign/vec4 v00000000028efd80_0, 0;
    %jmp T_0.13;
T_0.3 ;
    %pushi/vec4 79, 0, 7;
    %assign/vec4 v00000000028efd80_0, 0;
    %jmp T_0.13;
T_0.4 ;
    %pushi/vec4 18, 0, 7;
    %assign/vec4 v00000000028efd80_0, 0;
    %jmp T_0.13;
T_0.5 ;
    %pushi/vec4 6, 0, 7;
    %assign/vec4 v00000000028efd80_0, 0;
    %jmp T_0.13;
T_0.6 ;
    %pushi/vec4 76, 0, 7;
    %assign/vec4 v00000000028efd80_0, 0;
    %jmp T_0.13;
T_0.7 ;
    %pushi/vec4 36, 0, 7;
    %assign/vec4 v00000000028efd80_0, 0;
    %jmp T_0.13;
T_0.8 ;
    %pushi/vec4 8, 0, 7;
    %assign/vec4 v00000000028efd80_0, 0;
    %jmp T_0.13;
T_0.9 ;
    %pushi/vec4 6, 0, 7;
    %assign/vec4 v00000000028efd80_0, 0;
    %jmp T_0.13;
T_0.10 ;
    %pushi/vec4 18, 0, 7;
    %assign/vec4 v00000000028efd80_0, 0;
    %jmp T_0.13;
T_0.11 ;
    %pushi/vec4 79, 0, 7;
    %assign/vec4 v00000000028efd80_0, 0;
    %jmp T_0.13;
T_0.13 ;
    %pop/vec4 1;
T_0.1 ;
    %jmp T_0;
    .thread T_0;
    .scope S_0000000002949050;
T_1 ;
    %wait E_00000000028e8e10;
    %load/vec4 v00000000029474f0_0;
    %flag_set/vec4 8;
    %jmp/0xz  T_1.0, 8;
    %pushi/vec4 127, 0, 7;
    %assign/vec4 v0000000002948490_0, 0;
    %jmp T_1.1;
T_1.0 ;
    %load/vec4 v0000000002947090_0;
    %dup/vec4;
    %pushi/vec4 0, 0, 4;
    %cmp/u;
    %jmp/1 T_1.2, 6;
    %dup/vec4;
    %pushi/vec4 1, 0, 4;
    %cmp/u;
    %jmp/1 T_1.3, 6;
    %dup/vec4;
    %pushi/vec4 2, 0, 4;
    %cmp/u;
    %jmp/1 T_1.4, 6;
    %dup/vec4;
    %pushi/vec4 3, 0, 4;
    %cmp/u;
    %jmp/1 T_1.5, 6;
    %dup/vec4;
    %pushi/vec4 4, 0, 4;
    %cmp/u;
    %jmp/1 T_1.6, 6;
    %dup/vec4;
    %pushi/vec4 5, 0, 4;
    %cmp/u;
    %jmp/1 T_1.7, 6;
    %dup/vec4;
    %pushi/vec4 6, 0, 4;
    %cmp/u;
    %jmp/1 T_1.8, 6;
    %dup/vec4;
    %pushi/vec4 7, 0, 4;
    %cmp/u;
    %jmp/1 T_1.9, 6;
    %dup/vec4;
    %pushi/vec4 8, 0, 4;
    %cmp/u;
    %jmp/1 T_1.10, 6;
    %dup/vec4;
    %pushi/vec4 9, 0, 4;
    %cmp/u;
    %jmp/1 T_1.11, 6;
    %pushi/vec4 127, 0, 7;
    %assign/vec4 v0000000002948490_0, 0;
    %jmp T_1.13;
T_1.2 ;
    %pushi/vec4 1, 0, 7;
    %assign/vec4 v0000000002948490_0, 0;
    %jmp T_1.13;
T_1.3 ;
    %pushi/vec4 79, 0, 7;
    %assign/vec4 v0000000002948490_0, 0;
    %jmp T_1.13;
T_1.4 ;
    %pushi/vec4 18, 0, 7;
    %assign/vec4 v0000000002948490_0, 0;
    %jmp T_1.13;
T_1.5 ;
    %pushi/vec4 6, 0, 7;
    %assign/vec4 v0000000002948490_0, 0;
    %jmp T_1.13;
T_1.6 ;
    %pushi/vec4 76, 0, 7;
    %assign/vec4 v0000000002948490_0, 0;
    %jmp T_1.13;
T_1.7 ;
    %pushi/vec4 36, 0, 7;
    %assign/vec4 v0000000002948490_0, 0;
    %jmp T_1.13;
T_1.8 ;
    %pushi/vec4 8, 0, 7;
    %assign/vec4 v0000000002948490_0, 0;
    %jmp T_1.13;
T_1.9 ;
    %pushi/vec4 6, 0, 7;
    %assign/vec4 v0000000002948490_0, 0;
    %jmp T_1.13;
T_1.10 ;
    %pushi/vec4 18, 0, 7;
    %assign/vec4 v0000000002948490_0, 0;
    %jmp T_1.13;
T_1.11 ;
    %pushi/vec4 79, 0, 7;
    %assign/vec4 v0000000002948490_0, 0;
    %jmp T_1.13;
T_1.13 ;
    %pop/vec4 1;
T_1.1 ;
    %jmp T_1;
    .thread T_1;
    .scope S_00000000028c9240;
T_2 ;
    %wait E_00000000028e8e10;
    %load/vec4 v00000000028efa60_0;
    %flag_set/vec4 8;
    %jmp/0xz  T_2.0, 8;
    %pushi/vec4 127, 0, 7;
    %assign/vec4 v00000000028ef9c0_0, 0;
    %jmp T_2.1;
T_2.0 ;
    %load/vec4 v00000000028efce0_0;
    %dup/vec4;
    %pushi/vec4 0, 0, 4;
    %cmp/u;
    %jmp/1 T_2.2, 6;
    %dup/vec4;
    %pushi/vec4 1, 0, 4;
    %cmp/u;
    %jmp/1 T_2.3, 6;
    %dup/vec4;
    %pushi/vec4 2, 0, 4;
    %cmp/u;
    %jmp/1 T_2.4, 6;
    %dup/vec4;
    %pushi/vec4 3, 0, 4;
    %cmp/u;
    %jmp/1 T_2.5, 6;
    %dup/vec4;
    %pushi/vec4 4, 0, 4;
    %cmp/u;
    %jmp/1 T_2.6, 6;
    %dup/vec4;
    %pushi/vec4 5, 0, 4;
    %cmp/u;
    %jmp/1 T_2.7, 6;
    %dup/vec4;
    %pushi/vec4 6, 0, 4;
    %cmp/u;
    %jmp/1 T_2.8, 6;
    %dup/vec4;
    %pushi/vec4 7, 0, 4;
    %cmp/u;
    %jmp/1 T_2.9, 6;
    %dup/vec4;
    %pushi/vec4 8, 0, 4;
    %cmp/u;
    %jmp/1 T_2.10, 6;
    %dup/vec4;
    %pushi/vec4 9, 0, 4;
    %cmp/u;
    %jmp/1 T_2.11, 6;
    %pushi/vec4 127, 0, 7;
    %assign/vec4 v00000000028ef9c0_0, 0;
    %jmp T_2.13;
T_2.2 ;
    %pushi/vec4 1, 0, 7;
    %assign/vec4 v00000000028ef9c0_0, 0;
    %jmp T_2.13;
T_2.3 ;
    %pushi/vec4 79, 0, 7;
    %assign/vec4 v00000000028ef9c0_0, 0;
    %jmp T_2.13;
T_2.4 ;
    %pushi/vec4 18, 0, 7;
    %assign/vec4 v00000000028ef9c0_0, 0;
    %jmp T_2.13;
T_2.5 ;
    %pushi/vec4 6, 0, 7;
    %assign/vec4 v00000000028ef9c0_0, 0;
    %jmp T_2.13;
T_2.6 ;
    %pushi/vec4 76, 0, 7;
    %assign/vec4 v00000000028ef9c0_0, 0;
    %jmp T_2.13;
T_2.7 ;
    %pushi/vec4 36, 0, 7;
    %assign/vec4 v00000000028ef9c0_0, 0;
    %jmp T_2.13;
T_2.8 ;
    %pushi/vec4 8, 0, 7;
    %assign/vec4 v00000000028ef9c0_0, 0;
    %jmp T_2.13;
T_2.9 ;
    %pushi/vec4 6, 0, 7;
    %assign/vec4 v00000000028ef9c0_0, 0;
    %jmp T_2.13;
T_2.10 ;
    %pushi/vec4 18, 0, 7;
    %assign/vec4 v00000000028ef9c0_0, 0;
    %jmp T_2.13;
T_2.11 ;
    %pushi/vec4 79, 0, 7;
    %assign/vec4 v00000000028ef9c0_0, 0;
    %jmp T_2.13;
T_2.13 ;
    %pop/vec4 1;
T_2.1 ;
    %jmp T_2;
    .thread T_2;
    .scope S_00000000029491d0;
T_3 ;
    %wait E_00000000028e8e10;
    %load/vec4 v00000000029478b0_0;
    %flag_set/vec4 8;
    %jmp/0xz  T_3.0, 8;
    %pushi/vec4 127, 0, 7;
    %assign/vec4 v0000000002947130_0, 0;
    %jmp T_3.1;
T_3.0 ;
    %load/vec4 v0000000002948e90_0;
    %dup/vec4;
    %pushi/vec4 0, 0, 4;
    %cmp/u;
    %jmp/1 T_3.2, 6;
    %dup/vec4;
    %pushi/vec4 1, 0, 4;
    %cmp/u;
    %jmp/1 T_3.3, 6;
    %dup/vec4;
    %pushi/vec4 2, 0, 4;
    %cmp/u;
    %jmp/1 T_3.4, 6;
    %dup/vec4;
    %pushi/vec4 3, 0, 4;
    %cmp/u;
    %jmp/1 T_3.5, 6;
    %dup/vec4;
    %pushi/vec4 4, 0, 4;
    %cmp/u;
    %jmp/1 T_3.6, 6;
    %dup/vec4;
    %pushi/vec4 5, 0, 4;
    %cmp/u;
    %jmp/1 T_3.7, 6;
    %dup/vec4;
    %pushi/vec4 6, 0, 4;
    %cmp/u;
    %jmp/1 T_3.8, 6;
    %dup/vec4;
    %pushi/vec4 7, 0, 4;
    %cmp/u;
    %jmp/1 T_3.9, 6;
    %dup/vec4;
    %pushi/vec4 8, 0, 4;
    %cmp/u;
    %jmp/1 T_3.10, 6;
    %dup/vec4;
    %pushi/vec4 9, 0, 4;
    %cmp/u;
    %jmp/1 T_3.11, 6;
    %pushi/vec4 127, 0, 7;
    %assign/vec4 v0000000002947130_0, 0;
    %jmp T_3.13;
T_3.2 ;
    %pushi/vec4 1, 0, 7;
    %assign/vec4 v0000000002947130_0, 0;
    %jmp T_3.13;
T_3.3 ;
    %pushi/vec4 79, 0, 7;
    %assign/vec4 v0000000002947130_0, 0;
    %jmp T_3.13;
T_3.4 ;
    %pushi/vec4 18, 0, 7;
    %assign/vec4 v0000000002947130_0, 0;
    %jmp T_3.13;
T_3.5 ;
    %pushi/vec4 6, 0, 7;
    %assign/vec4 v0000000002947130_0, 0;
    %jmp T_3.13;
T_3.6 ;
    %pushi/vec4 76, 0, 7;
    %assign/vec4 v0000000002947130_0, 0;
    %jmp T_3.13;
T_3.7 ;
    %pushi/vec4 36, 0, 7;
    %assign/vec4 v0000000002947130_0, 0;
    %jmp T_3.13;
T_3.8 ;
    %pushi/vec4 8, 0, 7;
    %assign/vec4 v0000000002947130_0, 0;
    %jmp T_3.13;
T_3.9 ;
    %pushi/vec4 6, 0, 7;
    %assign/vec4 v0000000002947130_0, 0;
    %jmp T_3.13;
T_3.10 ;
    %pushi/vec4 18, 0, 7;
    %assign/vec4 v0000000002947130_0, 0;
    %jmp T_3.13;
T_3.11 ;
    %pushi/vec4 79, 0, 7;
    %assign/vec4 v0000000002947130_0, 0;
    %jmp T_3.13;
T_3.13 ;
    %pop/vec4 1;
T_3.1 ;
    %jmp T_3;
    .thread T_3;
    .scope S_00000000028c4750;
T_4 ;
    %wait E_00000000028e8e50;
    %load/vec4 v00000000028ef100_0;
    %flag_set/vec4 8;
    %jmp/0xz  T_4.0, 8;
    %pushi/vec4 1, 0, 1;
    %assign/vec4 v0000000002947ef0_0, 0;
T_4.0 ;
    %load/vec4 v00000000028efba0_0;
    %flag_set/vec4 8;
    %jmp/0xz  T_4.2, 8;
    %pushi/vec4 0, 0, 1;
    %assign/vec4 v0000000002947ef0_0, 0;
T_4.2 ;
    %jmp T_4;
    .thread T_4;
    .scope S_00000000028c4750;
T_5 ;
    %wait E_00000000028e8e50;
    %load/vec4 v0000000002947950_0;
    %flag_set/vec4 8;
    %jmp/0xz  T_5.0, 8;
    %pushi/vec4 0, 0, 4;
    %assign/vec4 v00000000028ef4c0_0, 0;
    %pushi/vec4 0, 0, 4;
    %assign/vec4 v00000000028ef1a0_0, 0;
    %pushi/vec4 0, 0, 4;
    %assign/vec4 v00000000028ef420_0, 0;
    %pushi/vec4 0, 0, 4;
    %assign/vec4 v00000000028efe20_0, 0;
    %jmp T_5.1;
T_5.0 ;
    %load/vec4 v00000000028eff60_0;
    %assign/vec4 v00000000028ef4c0_0, 0;
    %load/vec4 v00000000028ef560_0;
    %assign/vec4 v00000000028ef1a0_0, 0;
    %load/vec4 v00000000028ef240_0;
    %assign/vec4 v00000000028ef420_0, 0;
    %load/vec4 v0000000002948cb0_0;
    %assign/vec4 v00000000028efe20_0, 0;
T_5.1 ;
    %jmp T_5;
    .thread T_5;
    .scope S_00000000028c4750;
T_6 ;
    %wait E_00000000028e8e90;
    %load/vec4 v00000000028efb00_0;
    %inv;
    %flag_set/vec4 8;
    %jmp/0xz  T_6.0, 8;
    %pushi/vec4 0, 0, 1;
    %assign/vec4 v0000000002947b30_0, 0;
    %jmp T_6.1;
T_6.0 ;
    %pushi/vec4 1, 0, 1;
    %assign/vec4 v0000000002947b30_0, 0;
T_6.1 ;
    %jmp T_6;
    .thread T_6, $push;
    .scope S_00000000028c4750;
T_7 ;
    %wait E_00000000028e8e50;
    %load/vec4 v0000000002947ef0_0;
    %load/vec4 v0000000002947b30_0;
    %inv;
    %and;
    %flag_set/vec4 8;
    %jmp/0xz  T_7.0, 8;
    %load/vec4 v00000000028efe20_0;
    %cmpi/e 9, 0, 4;
    %jmp/0xz  T_7.2, 4;
    %pushi/vec4 0, 0, 4;
    %assign/vec4 v0000000002948cb0_0, 0;
    %load/vec4 v00000000028ef420_0;
    %addi 1, 0, 4;
    %assign/vec4 v00000000028ef240_0, 0;
    %jmp T_7.3;
T_7.2 ;
    %load/vec4 v00000000028efe20_0;
    %addi 1, 0, 4;
    %assign/vec4 v0000000002948cb0_0, 0;
T_7.3 ;
    %load/vec4 v00000000028ef420_0;
    %pushi/vec4 9, 0, 4;
    %cmp/e;
    %flag_get/vec4 4;
    %load/vec4 v00000000028efe20_0;
    %pushi/vec4 9, 0, 4;
    %cmp/e;
    %flag_get/vec4 4;
    %and;
    %flag_set/vec4 8;
    %jmp/0xz  T_7.4, 8;
    %pushi/vec4 0, 0, 4;
    %assign/vec4 v00000000028ef240_0, 0;
    %load/vec4 v00000000028ef1a0_0;
    %addi 1, 0, 4;
    %assign/vec4 v00000000028ef560_0, 0;
T_7.4 ;
    %load/vec4 v00000000028ef1a0_0;
    %pushi/vec4 5, 0, 4;
    %cmp/e;
    %flag_get/vec4 4;
    %load/vec4 v00000000028ef420_0;
    %pushi/vec4 9, 0, 4;
    %cmp/e;
    %flag_get/vec4 4;
    %and;
    %load/vec4 v00000000028efe20_0;
    %pushi/vec4 9, 0, 4;
    %cmp/e;
    %flag_get/vec4 4;
    %and;
    %flag_set/vec4 8;
    %jmp/0xz  T_7.6, 8;
    %pushi/vec4 0, 0, 4;
    %assign/vec4 v00000000028ef560_0, 0;
    %load/vec4 v00000000028ef4c0_0;
    %addi 1, 0, 4;
    %assign/vec4 v00000000028eff60_0, 0;
T_7.6 ;
    %load/vec4 v00000000028ef4c0_0;
    %pushi/vec4 9, 0, 4;
    %cmp/e;
    %flag_get/vec4 4;
    %load/vec4 v00000000028ef1a0_0;
    %pushi/vec4 5, 0, 4;
    %cmp/e;
    %flag_get/vec4 4;
    %and;
    %load/vec4 v00000000028ef420_0;
    %pushi/vec4 9, 0, 4;
    %cmp/e;
    %flag_get/vec4 4;
    %and;
    %load/vec4 v00000000028efe20_0;
    %pushi/vec4 9, 0, 4;
    %cmp/e;
    %flag_get/vec4 4;
    %and;
    %flag_set/vec4 8;
    %jmp/0xz  T_7.8, 8;
    %pushi/vec4 0, 0, 4;
    %assign/vec4 v00000000028eff60_0, 0;
T_7.8 ;
T_7.0 ;
    %jmp T_7;
    .thread T_7;
    .scope S_00000000028c4750;
T_8 ;
    %wait E_00000000028e8e50;
    %load/vec4 v0000000002947ef0_0;
    %load/vec4 v0000000002947b30_0;
    %and;
    %flag_set/vec4 8;
    %jmp/0xz  T_8.0, 8;
    %load/vec4 v00000000028efe20_0;
    %cmpi/e 0, 0, 4;
    %jmp/0xz  T_8.2, 4;
    %pushi/vec4 9, 0, 4;
    %assign/vec4 v00000000028efe20_0, 0;
    %load/vec4 v00000000028ef420_0;
    %subi 1, 0, 4;
    %assign/vec4 v00000000028ef420_0, 0;
    %jmp T_8.3;
T_8.2 ;
    %load/vec4 v00000000028efe20_0;
    %subi 1, 0, 4;
    %assign/vec4 v00000000028efe20_0, 0;
T_8.3 ;
    %load/vec4 v00000000028ef420_0;
    %pushi/vec4 0, 0, 4;
    %cmp/e;
    %flag_get/vec4 4;
    %load/vec4 v00000000028efe20_0;
    %pushi/vec4 0, 0, 4;
    %cmp/e;
    %flag_get/vec4 4;
    %and;
    %flag_set/vec4 8;
    %jmp/0xz  T_8.4, 8;
    %pushi/vec4 9, 0, 4;
    %assign/vec4 v00000000028ef420_0, 0;
    %load/vec4 v00000000028ef1a0_0;
    %subi 1, 0, 4;
    %assign/vec4 v00000000028ef1a0_0, 0;
T_8.4 ;
    %load/vec4 v00000000028ef1a0_0;
    %pushi/vec4 0, 0, 4;
    %cmp/e;
    %flag_get/vec4 4;
    %load/vec4 v00000000028ef420_0;
    %pushi/vec4 0, 0, 4;
    %cmp/e;
    %flag_get/vec4 4;
    %and;
    %load/vec4 v00000000028efe20_0;
    %pushi/vec4 0, 0, 4;
    %cmp/e;
    %flag_get/vec4 4;
    %and;
    %flag_set/vec4 8;
    %jmp/0xz  T_8.6, 8;
    %pushi/vec4 5, 0, 4;
    %assign/vec4 v00000000028ef1a0_0, 0;
    %load/vec4 v00000000028ef4c0_0;
    %subi 1, 0, 4;
    %assign/vec4 v00000000028ef4c0_0, 0;
T_8.6 ;
    %load/vec4 v00000000028ef4c0_0;
    %pushi/vec4 0, 0, 4;
    %cmp/e;
    %flag_get/vec4 4;
    %load/vec4 v00000000028ef1a0_0;
    %pushi/vec4 0, 0, 4;
    %cmp/e;
    %flag_get/vec4 4;
    %and;
    %load/vec4 v00000000028ef420_0;
    %pushi/vec4 0, 0, 4;
    %cmp/e;
    %flag_get/vec4 4;
    %and;
    %load/vec4 v00000000028efe20_0;
    %pushi/vec4 0, 0, 4;
    %cmp/e;
    %flag_get/vec4 4;
    %and;
    %flag_set/vec4 8;
    %jmp/0xz  T_8.8, 8;
    %pushi/vec4 9, 0, 4;
    %assign/vec4 v00000000028ef4c0_0, 0;
T_8.8 ;
T_8.0 ;
    %jmp T_8;
    .thread T_8;
    .scope S_00000000028c45d0;
T_9 ;
    %wait E_00000000028e8e10;
    %load/vec4 v00000000028ef380_0;
    %flag_set/vec4 8;
    %jmp/0xz  T_9.0, 8;
    %pushi/vec4 127, 0, 7;
    %assign/vec4 v00000000028ef880_0, 0;
    %jmp T_9.1;
T_9.0 ;
    %load/vec4 v00000000028ef920_0;
    %dup/vec4;
    %pushi/vec4 0, 0, 4;
    %cmp/u;
    %jmp/1 T_9.2, 6;
    %dup/vec4;
    %pushi/vec4 1, 0, 4;
    %cmp/u;
    %jmp/1 T_9.3, 6;
    %dup/vec4;
    %pushi/vec4 2, 0, 4;
    %cmp/u;
    %jmp/1 T_9.4, 6;
    %dup/vec4;
    %pushi/vec4 3, 0, 4;
    %cmp/u;
    %jmp/1 T_9.5, 6;
    %dup/vec4;
    %pushi/vec4 4, 0, 4;
    %cmp/u;
    %jmp/1 T_9.6, 6;
    %dup/vec4;
    %pushi/vec4 5, 0, 4;
    %cmp/u;
    %jmp/1 T_9.7, 6;
    %dup/vec4;
    %pushi/vec4 6, 0, 4;
    %cmp/u;
    %jmp/1 T_9.8, 6;
    %dup/vec4;
    %pushi/vec4 7, 0, 4;
    %cmp/u;
    %jmp/1 T_9.9, 6;
    %dup/vec4;
    %pushi/vec4 8, 0, 4;
    %cmp/u;
    %jmp/1 T_9.10, 6;
    %dup/vec4;
    %pushi/vec4 9, 0, 4;
    %cmp/u;
    %jmp/1 T_9.11, 6;
    %pushi/vec4 127, 0, 7;
    %assign/vec4 v00000000028ef880_0, 0;
    %jmp T_9.13;
T_9.2 ;
    %pushi/vec4 1, 0, 7;
    %assign/vec4 v00000000028ef880_0, 0;
    %jmp T_9.13;
T_9.3 ;
    %pushi/vec4 79, 0, 7;
    %assign/vec4 v00000000028ef880_0, 0;
    %jmp T_9.13;
T_9.4 ;
    %pushi/vec4 18, 0, 7;
    %assign/vec4 v00000000028ef880_0, 0;
    %jmp T_9.13;
T_9.5 ;
    %pushi/vec4 6, 0, 7;
    %assign/vec4 v00000000028ef880_0, 0;
    %jmp T_9.13;
T_9.6 ;
    %pushi/vec4 76, 0, 7;
    %assign/vec4 v00000000028ef880_0, 0;
    %jmp T_9.13;
T_9.7 ;
    %pushi/vec4 36, 0, 7;
    %assign/vec4 v00000000028ef880_0, 0;
    %jmp T_9.13;
T_9.8 ;
    %pushi/vec4 8, 0, 7;
    %assign/vec4 v00000000028ef880_0, 0;
    %jmp T_9.13;
T_9.9 ;
    %pushi/vec4 6, 0, 7;
    %assign/vec4 v00000000028ef880_0, 0;
    %jmp T_9.13;
T_9.10 ;
    %pushi/vec4 18, 0, 7;
    %assign/vec4 v00000000028ef880_0, 0;
    %jmp T_9.13;
T_9.11 ;
    %pushi/vec4 79, 0, 7;
    %assign/vec4 v00000000028ef880_0, 0;
    %jmp T_9.13;
T_9.13 ;
    %pop/vec4 1;
T_9.1 ;
    %jmp T_9;
    .thread T_9;
# The file index is used to find the file name in the following table.
:file_names 5;
    "N/A";
    "<interactive>";
    "Toplevel_Level1_V2.v";
    "sevensegBCDdecoder.v";
    "stopwatch_V4.v";
