#! /c/Source/iverilog-install/bin/vvp
:ivl_version "12.0 (devel)" "(s20150603-1539-g2693dd32b)";
:ivl_delay_selection "TYPICAL";
:vpi_time_precision + 0;
:vpi_module "C:\iverilog\lib\ivl\system.vpi";
:vpi_module "C:\iverilog\lib\ivl\vhdl_sys.vpi";
:vpi_module "C:\iverilog\lib\ivl\vhdl_textio.vpi";
:vpi_module "C:\iverilog\lib\ivl\v2005_math.vpi";
:vpi_module "C:\iverilog\lib\ivl\va_math.vpi";
S_000002791c436590 .scope module, "stopwatch" "stopwatch" 2 3;
 .timescale 0 0;
    .port_info 0 /INPUT 1 "clk";
    .port_info 1 /INPUT 1 "reset";
    .port_info 2 /INPUT 1 "Start";
    .port_info 3 /INPUT 1 "Stop";
    .port_info 4 /INPUT 1 "Clear";
    .port_info 5 /INPUT 1 "Countdown";
    .port_info 6 /OUTPUT 4 "Minutes";
    .port_info 7 /OUTPUT 4 "Tens_Seconds";
    .port_info 8 /OUTPUT 4 "Ones_Seconds";
    .port_info 9 /OUTPUT 4 "Tenths_Seconds";
o000002791c48ffd8 .functor BUFZ 1, C4<z>; HiZ drive
v000002791c43ac10_0 .net "Clear", 0 0, o000002791c48ffd8;  0 drivers
o000002791c490008 .functor BUFZ 1, C4<z>; HiZ drive
v000002791c436b00_0 .net "Countdown", 0 0, o000002791c490008;  0 drivers
v000002791c43bd60_0 .var "Minutes", 3 0;
v000002791c4367d0_0 .var "Ones_Seconds", 3 0;
o000002791c490098 .functor BUFZ 1, C4<z>; HiZ drive
v000002791c436870_0 .net "Start", 0 0, o000002791c490098;  0 drivers
o000002791c4900c8 .functor BUFZ 1, C4<z>; HiZ drive
v000002791c483ed0_0 .net "Stop", 0 0, o000002791c4900c8;  0 drivers
v000002791c483f70_0 .var "Tens_Seconds", 3 0;
v000002791c484010_0 .var "Tenths_Seconds", 3 0;
o000002791c490158 .functor BUFZ 1, C4<z>; HiZ drive
v000002791c4840b0_0 .net "clk", 0 0, o000002791c490158;  0 drivers
v000002791c484150_0 .var "nice_D", 0 0;
o000002791c4901b8 .functor BUFZ 1, C4<z>; HiZ drive
v000002791c4841f0_0 .net "reset", 0 0, o000002791c4901b8;  0 drivers
v000002791c484290_0 .var "running", 0 0;
E_000002791c43ba80 .event posedge, v000002791c4840b0_0;
E_000002791c43af00 .event anyedge, v000002791c436b00_0;
E_000002791c43af40 .event posedge, v000002791c483ed0_0, v000002791c436870_0;
    .scope S_000002791c436590;
T_0 ;
    %wait E_000002791c43af40;
    %load/vec4 v000002791c436870_0;
    %flag_set/vec4 8;
    %jmp/0xz  T_0.0, 8;
    %pushi/vec4 1, 0, 1;
    %assign/vec4 v000002791c484290_0, 0;
T_0.0 ;
    %load/vec4 v000002791c483ed0_0;
    %flag_set/vec4 8;
    %jmp/0xz  T_0.2, 8;
    %pushi/vec4 0, 0, 1;
    %assign/vec4 v000002791c484290_0, 0;
T_0.2 ;
    %jmp T_0;
    .thread T_0;
    .scope S_000002791c436590;
T_1 ;
    %wait E_000002791c43af00;
    %load/vec4 v000002791c436b00_0;
    %inv;
    %flag_set/vec4 8;
    %jmp/0xz  T_1.0, 8;
    %pushi/vec4 0, 0, 1;
    %assign/vec4 v000002791c484150_0, 0;
T_1.0 ;
    %load/vec4 v000002791c436b00_0;
    %flag_set/vec4 8;
    %jmp/0xz  T_1.2, 8;
    %pushi/vec4 1, 0, 1;
    %assign/vec4 v000002791c484150_0, 0;
T_1.2 ;
    %jmp T_1;
    .thread T_1, $push;
    .scope S_000002791c436590;
T_2 ;
    %wait E_000002791c43ba80;
    %load/vec4 v000002791c4841f0_0;
    %flag_set/vec4 8;
    %jmp/0xz  T_2.0, 8;
    %pushi/vec4 0, 0, 4;
    %assign/vec4 v000002791c43bd60_0, 0;
    %pushi/vec4 0, 0, 4;
    %assign/vec4 v000002791c483f70_0, 0;
    %pushi/vec4 0, 0, 4;
    %assign/vec4 v000002791c4367d0_0, 0;
    %pushi/vec4 0, 0, 4;
    %assign/vec4 v000002791c484010_0, 0;
T_2.0 ;
    %jmp T_2;
    .thread T_2;
    .scope S_000002791c436590;
T_3 ;
    %wait E_000002791c43ba80;
    %load/vec4 v000002791c484290_0;
    %flag_set/vec4 9;
    %flag_get/vec4 9;
    %jmp/0 T_3.2, 9;
    %load/vec4 v000002791c484150_0;
    %inv;
    %and;
T_3.2;
    %flag_set/vec4 8;
    %jmp/0xz  T_3.0, 8;
    %load/vec4 v000002791c484010_0;
    %cmpi/e 9, 0, 4;
    %jmp/0xz  T_3.3, 4;
    %pushi/vec4 0, 0, 4;
    %assign/vec4 v000002791c484010_0, 0;
    %load/vec4 v000002791c4367d0_0;
    %addi 1, 0, 4;
    %assign/vec4 v000002791c4367d0_0, 0;
    %jmp T_3.4;
T_3.3 ;
    %load/vec4 v000002791c484010_0;
    %addi 1, 0, 4;
    %assign/vec4 v000002791c484010_0, 0;
T_3.4 ;
    %load/vec4 v000002791c4367d0_0;
    %cmpi/e 9, 0, 4;
    %flag_get/vec4 4;
    %jmp/0 T_3.7, 4;
    %load/vec4 v000002791c484010_0;
    %pushi/vec4 9, 0, 4;
    %cmp/e;
    %flag_get/vec4 4;
    %and;
T_3.7;
    %flag_set/vec4 8;
    %jmp/0xz  T_3.5, 8;
    %pushi/vec4 0, 0, 4;
    %assign/vec4 v000002791c4367d0_0, 0;
    %load/vec4 v000002791c483f70_0;
    %addi 1, 0, 4;
    %assign/vec4 v000002791c483f70_0, 0;
T_3.5 ;
    %load/vec4 v000002791c483f70_0;
    %cmpi/e 5, 0, 4;
    %flag_get/vec4 4;
    %jmp/0 T_3.11, 4;
    %load/vec4 v000002791c4367d0_0;
    %pushi/vec4 9, 0, 4;
    %cmp/e;
    %flag_get/vec4 4;
    %and;
T_3.11;
    %flag_set/vec4 9;
    %flag_get/vec4 9;
    %jmp/0 T_3.10, 9;
    %load/vec4 v000002791c484010_0;
    %pushi/vec4 9, 0, 4;
    %cmp/e;
    %flag_get/vec4 4;
    %and;
T_3.10;
    %flag_set/vec4 8;
    %jmp/0xz  T_3.8, 8;
    %pushi/vec4 0, 0, 4;
    %assign/vec4 v000002791c483f70_0, 0;
    %load/vec4 v000002791c43bd60_0;
    %addi 1, 0, 4;
    %assign/vec4 v000002791c43bd60_0, 0;
T_3.8 ;
    %load/vec4 v000002791c43bd60_0;
    %cmpi/e 9, 0, 4;
    %flag_get/vec4 4;
    %jmp/0 T_3.16, 4;
    %load/vec4 v000002791c483f70_0;
    %pushi/vec4 5, 0, 4;
    %cmp/e;
    %flag_get/vec4 4;
    %and;
T_3.16;
    %flag_set/vec4 10;
    %flag_get/vec4 10;
    %jmp/0 T_3.15, 10;
    %load/vec4 v000002791c4367d0_0;
    %pushi/vec4 9, 0, 4;
    %cmp/e;
    %flag_get/vec4 4;
    %and;
T_3.15;
    %flag_set/vec4 9;
    %flag_get/vec4 9;
    %jmp/0 T_3.14, 9;
    %load/vec4 v000002791c484010_0;
    %pushi/vec4 9, 0, 4;
    %cmp/e;
    %flag_get/vec4 4;
    %and;
T_3.14;
    %flag_set/vec4 8;
    %jmp/0xz  T_3.12, 8;
    %pushi/vec4 0, 0, 4;
    %assign/vec4 v000002791c43bd60_0, 0;
T_3.12 ;
T_3.0 ;
    %load/vec4 v000002791c484290_0;
    %flag_set/vec4 9;
    %flag_get/vec4 9;
    %jmp/0 T_3.19, 9;
    %load/vec4 v000002791c484150_0;
    %and;
T_3.19;
    %flag_set/vec4 8;
    %jmp/0xz  T_3.17, 8;
    %load/vec4 v000002791c484010_0;
    %cmpi/e 0, 0, 4;
    %jmp/0xz  T_3.20, 4;
    %pushi/vec4 9, 0, 4;
    %assign/vec4 v000002791c484010_0, 0;
    %load/vec4 v000002791c4367d0_0;
    %subi 1, 0, 4;
    %assign/vec4 v000002791c4367d0_0, 0;
    %jmp T_3.21;
T_3.20 ;
    %load/vec4 v000002791c484010_0;
    %subi 1, 0, 4;
    %assign/vec4 v000002791c484010_0, 0;
T_3.21 ;
    %load/vec4 v000002791c4367d0_0;
    %cmpi/e 0, 0, 4;
    %flag_get/vec4 4;
    %jmp/0 T_3.24, 4;
    %load/vec4 v000002791c484010_0;
    %pushi/vec4 0, 0, 4;
    %cmp/e;
    %flag_get/vec4 4;
    %and;
T_3.24;
    %flag_set/vec4 8;
    %jmp/0xz  T_3.22, 8;
    %pushi/vec4 9, 0, 4;
    %assign/vec4 v000002791c4367d0_0, 0;
    %load/vec4 v000002791c483f70_0;
    %subi 1, 0, 4;
    %assign/vec4 v000002791c483f70_0, 0;
T_3.22 ;
    %load/vec4 v000002791c483f70_0;
    %cmpi/e 0, 0, 4;
    %flag_get/vec4 4;
    %jmp/0 T_3.28, 4;
    %load/vec4 v000002791c4367d0_0;
    %pushi/vec4 0, 0, 4;
    %cmp/e;
    %flag_get/vec4 4;
    %and;
T_3.28;
    %flag_set/vec4 9;
    %flag_get/vec4 9;
    %jmp/0 T_3.27, 9;
    %load/vec4 v000002791c484010_0;
    %pushi/vec4 0, 0, 4;
    %cmp/e;
    %flag_get/vec4 4;
    %and;
T_3.27;
    %flag_set/vec4 8;
    %jmp/0xz  T_3.25, 8;
    %pushi/vec4 5, 0, 4;
    %assign/vec4 v000002791c483f70_0, 0;
    %load/vec4 v000002791c43bd60_0;
    %subi 1, 0, 4;
    %assign/vec4 v000002791c43bd60_0, 0;
T_3.25 ;
    %load/vec4 v000002791c43bd60_0;
    %cmpi/e 0, 0, 4;
    %flag_get/vec4 4;
    %jmp/0 T_3.33, 4;
    %load/vec4 v000002791c483f70_0;
    %pushi/vec4 0, 0, 4;
    %cmp/e;
    %flag_get/vec4 4;
    %and;
T_3.33;
    %flag_set/vec4 10;
    %flag_get/vec4 10;
    %jmp/0 T_3.32, 10;
    %load/vec4 v000002791c4367d0_0;
    %pushi/vec4 0, 0, 4;
    %cmp/e;
    %flag_get/vec4 4;
    %and;
T_3.32;
    %flag_set/vec4 9;
    %flag_get/vec4 9;
    %jmp/0 T_3.31, 9;
    %load/vec4 v000002791c484010_0;
    %pushi/vec4 0, 0, 4;
    %cmp/e;
    %flag_get/vec4 4;
    %and;
T_3.31;
    %flag_set/vec4 8;
    %jmp/0xz  T_3.29, 8;
    %pushi/vec4 9, 0, 4;
    %assign/vec4 v000002791c43bd60_0, 0;
T_3.29 ;
T_3.17 ;
    %jmp T_3;
    .thread T_3;
# The file index is used to find the file name in the following table.
:file_names 3;
    "N/A";
    "<interactive>";
    "stopwatch_V3.v";
