#! /c/Source/iverilog-install/bin/vvp
:ivl_version "12.0 (devel)" "(s20150603-1539-g2693dd32b)";
:ivl_delay_selection "TYPICAL";
:vpi_time_precision - 3;
:vpi_module "C:\iverilog\lib\ivl\system.vpi";
:vpi_module "C:\iverilog\lib\ivl\vhdl_sys.vpi";
:vpi_module "C:\iverilog\lib\ivl\vhdl_textio.vpi";
:vpi_module "C:\iverilog\lib\ivl\v2005_math.vpi";
:vpi_module "C:\iverilog\lib\ivl\va_math.vpi";
S_00000145f61bf180 .scope module, "stopwatch_tb" "stopwatch_tb" 2 5;
 .timescale -2 -3;
v00000145f61b2960_0 .var "Countdown", 0 0;
v00000145f61b2e60_0 .net "Minutes", 3 0, v00000145f61bf4a0_0;  1 drivers
v00000145f61b23c0_0 .net "Ones_Seconds", 3 0, v00000145f61bf540_0;  1 drivers
v00000145f61b2500_0 .var "Start", 0 0;
v00000145f61b2fa0_0 .var "Stop", 0 0;
v00000145f61b2be0_0 .net "Tens_Seconds", 3 0, v00000145f61b1fb0_0;  1 drivers
v00000145f61b2b40_0 .net "Tenths_Seconds", 3 0, v00000145f61b2050_0;  1 drivers
v00000145f61b2460_0 .var "clk", 0 0;
v00000145f61b2c80_0 .var "reset", 0 0;
S_00000145f61bf310 .scope module, "dut" "stopwatch" 2 22, 3 3 0, S_00000145f61bf180;
 .timescale 0 0;
    .port_info 0 /INPUT 1 "clk";
    .port_info 1 /INPUT 1 "reset";
    .port_info 2 /INPUT 1 "Start";
    .port_info 3 /INPUT 1 "Stop";
    .port_info 4 /INPUT 1 "Clear";
    .port_info 5 /INPUT 1 "Countdown";
    .port_info 6 /OUTPUT 4 "Minutes";
    .port_info 7 /OUTPUT 4 "Tens_Seconds";
    .port_info 8 /OUTPUT 4 "Ones_Seconds";
    .port_info 9 /OUTPUT 4 "Tenths_Seconds";
o00000145f61c7f68 .functor BUFZ 1, C4<z>; HiZ drive
v00000145f6096b00_0 .net "Clear", 0 0, o00000145f61c7f68;  0 drivers
v00000145f6096880_0 .net "Countdown", 0 0, v00000145f61b2960_0;  1 drivers
v00000145f61bf4a0_0 .var "Minutes", 3 0;
v00000145f61bf540_0 .var "Ones_Seconds", 3 0;
v00000145f61b1e70_0 .net "Start", 0 0, v00000145f61b2500_0;  1 drivers
v00000145f61b1f10_0 .net "Stop", 0 0, v00000145f61b2fa0_0;  1 drivers
v00000145f61b1fb0_0 .var "Tens_Seconds", 3 0;
v00000145f61b2050_0 .var "Tenths_Seconds", 3 0;
v00000145f61b20f0_0 .net "clk", 0 0, v00000145f61b2460_0;  1 drivers
v00000145f61b2190_0 .var "nice_D", 0 0;
v00000145f61b2230_0 .net "reset", 0 0, v00000145f61b2c80_0;  1 drivers
v00000145f61b22d0_0 .var "running", 0 0;
E_00000145f61a7330 .event posedge, v00000145f61b20f0_0;
E_00000145f61a77f0 .event anyedge, v00000145f6096880_0;
E_00000145f61a7f70 .event posedge, v00000145f61b1f10_0, v00000145f61b1e70_0;
    .scope S_00000145f61bf310;
T_0 ;
    %wait E_00000145f61a7f70;
    %load/vec4 v00000145f61b1e70_0;
    %flag_set/vec4 8;
    %jmp/0xz  T_0.0, 8;
    %pushi/vec4 1, 0, 1;
    %assign/vec4 v00000145f61b22d0_0, 0;
T_0.0 ;
    %load/vec4 v00000145f61b1f10_0;
    %flag_set/vec4 8;
    %jmp/0xz  T_0.2, 8;
    %pushi/vec4 0, 0, 1;
    %assign/vec4 v00000145f61b22d0_0, 0;
T_0.2 ;
    %jmp T_0;
    .thread T_0;
    .scope S_00000145f61bf310;
T_1 ;
    %wait E_00000145f61a77f0;
    %load/vec4 v00000145f6096880_0;
    %inv;
    %flag_set/vec4 8;
    %jmp/0xz  T_1.0, 8;
    %pushi/vec4 0, 0, 1;
    %assign/vec4 v00000145f61b2190_0, 0;
T_1.0 ;
    %load/vec4 v00000145f6096880_0;
    %flag_set/vec4 8;
    %jmp/0xz  T_1.2, 8;
    %pushi/vec4 1, 0, 1;
    %assign/vec4 v00000145f61b2190_0, 0;
T_1.2 ;
    %jmp T_1;
    .thread T_1, $push;
    .scope S_00000145f61bf310;
T_2 ;
    %wait E_00000145f61a7330;
    %load/vec4 v00000145f61b2230_0;
    %flag_set/vec4 8;
    %jmp/0xz  T_2.0, 8;
    %pushi/vec4 0, 0, 4;
    %assign/vec4 v00000145f61bf4a0_0, 0;
    %pushi/vec4 0, 0, 4;
    %assign/vec4 v00000145f61b1fb0_0, 0;
    %pushi/vec4 0, 0, 4;
    %assign/vec4 v00000145f61bf540_0, 0;
    %pushi/vec4 0, 0, 4;
    %assign/vec4 v00000145f61b2050_0, 0;
T_2.0 ;
    %jmp T_2;
    .thread T_2;
    .scope S_00000145f61bf310;
T_3 ;
    %wait E_00000145f61a7330;
    %load/vec4 v00000145f61b22d0_0;
    %flag_set/vec4 9;
    %flag_get/vec4 9;
    %jmp/0 T_3.2, 9;
    %load/vec4 v00000145f61b2190_0;
    %inv;
    %and;
T_3.2;
    %flag_set/vec4 8;
    %jmp/0xz  T_3.0, 8;
    %load/vec4 v00000145f61b2050_0;
    %cmpi/e 9, 0, 4;
    %jmp/0xz  T_3.3, 4;
    %pushi/vec4 0, 0, 4;
    %assign/vec4 v00000145f61b2050_0, 0;
    %load/vec4 v00000145f61bf540_0;
    %addi 1, 0, 4;
    %assign/vec4 v00000145f61bf540_0, 0;
    %jmp T_3.4;
T_3.3 ;
    %load/vec4 v00000145f61b2050_0;
    %addi 1, 0, 4;
    %assign/vec4 v00000145f61b2050_0, 0;
T_3.4 ;
    %load/vec4 v00000145f61bf540_0;
    %cmpi/e 9, 0, 4;
    %flag_get/vec4 4;
    %jmp/0 T_3.7, 4;
    %load/vec4 v00000145f61b2050_0;
    %pushi/vec4 9, 0, 4;
    %cmp/e;
    %flag_get/vec4 4;
    %and;
T_3.7;
    %flag_set/vec4 8;
    %jmp/0xz  T_3.5, 8;
    %pushi/vec4 0, 0, 4;
    %assign/vec4 v00000145f61bf540_0, 0;
    %load/vec4 v00000145f61b1fb0_0;
    %addi 1, 0, 4;
    %assign/vec4 v00000145f61b1fb0_0, 0;
T_3.5 ;
    %load/vec4 v00000145f61b1fb0_0;
    %cmpi/e 5, 0, 4;
    %flag_get/vec4 4;
    %jmp/0 T_3.11, 4;
    %load/vec4 v00000145f61bf540_0;
    %pushi/vec4 9, 0, 4;
    %cmp/e;
    %flag_get/vec4 4;
    %and;
T_3.11;
    %flag_set/vec4 9;
    %flag_get/vec4 9;
    %jmp/0 T_3.10, 9;
    %load/vec4 v00000145f61b2050_0;
    %pushi/vec4 9, 0, 4;
    %cmp/e;
    %flag_get/vec4 4;
    %and;
T_3.10;
    %flag_set/vec4 8;
    %jmp/0xz  T_3.8, 8;
    %pushi/vec4 0, 0, 4;
    %assign/vec4 v00000145f61b1fb0_0, 0;
    %load/vec4 v00000145f61bf4a0_0;
    %addi 1, 0, 4;
    %assign/vec4 v00000145f61bf4a0_0, 0;
T_3.8 ;
    %load/vec4 v00000145f61bf4a0_0;
    %cmpi/e 9, 0, 4;
    %flag_get/vec4 4;
    %jmp/0 T_3.16, 4;
    %load/vec4 v00000145f61b1fb0_0;
    %pushi/vec4 5, 0, 4;
    %cmp/e;
    %flag_get/vec4 4;
    %and;
T_3.16;
    %flag_set/vec4 10;
    %flag_get/vec4 10;
    %jmp/0 T_3.15, 10;
    %load/vec4 v00000145f61bf540_0;
    %pushi/vec4 9, 0, 4;
    %cmp/e;
    %flag_get/vec4 4;
    %and;
T_3.15;
    %flag_set/vec4 9;
    %flag_get/vec4 9;
    %jmp/0 T_3.14, 9;
    %load/vec4 v00000145f61b2050_0;
    %pushi/vec4 9, 0, 4;
    %cmp/e;
    %flag_get/vec4 4;
    %and;
T_3.14;
    %flag_set/vec4 8;
    %jmp/0xz  T_3.12, 8;
    %pushi/vec4 0, 0, 4;
    %assign/vec4 v00000145f61bf4a0_0, 0;
T_3.12 ;
T_3.0 ;
    %load/vec4 v00000145f61b22d0_0;
    %flag_set/vec4 9;
    %flag_get/vec4 9;
    %jmp/0 T_3.19, 9;
    %load/vec4 v00000145f61b2190_0;
    %and;
T_3.19;
    %flag_set/vec4 8;
    %jmp/0xz  T_3.17, 8;
    %load/vec4 v00000145f61b2050_0;
    %cmpi/e 0, 0, 4;
    %jmp/0xz  T_3.20, 4;
    %pushi/vec4 9, 0, 4;
    %assign/vec4 v00000145f61b2050_0, 0;
    %load/vec4 v00000145f61bf540_0;
    %subi 1, 0, 4;
    %assign/vec4 v00000145f61bf540_0, 0;
    %jmp T_3.21;
T_3.20 ;
    %load/vec4 v00000145f61b2050_0;
    %subi 1, 0, 4;
    %assign/vec4 v00000145f61b2050_0, 0;
T_3.21 ;
    %load/vec4 v00000145f61bf540_0;
    %cmpi/e 0, 0, 4;
    %flag_get/vec4 4;
    %jmp/0 T_3.24, 4;
    %load/vec4 v00000145f61b2050_0;
    %pushi/vec4 0, 0, 4;
    %cmp/e;
    %flag_get/vec4 4;
    %and;
T_3.24;
    %flag_set/vec4 8;
    %jmp/0xz  T_3.22, 8;
    %pushi/vec4 9, 0, 4;
    %assign/vec4 v00000145f61bf540_0, 0;
    %load/vec4 v00000145f61b1fb0_0;
    %subi 1, 0, 4;
    %assign/vec4 v00000145f61b1fb0_0, 0;
T_3.22 ;
    %load/vec4 v00000145f61b1fb0_0;
    %cmpi/e 0, 0, 4;
    %flag_get/vec4 4;
    %jmp/0 T_3.28, 4;
    %load/vec4 v00000145f61bf540_0;
    %pushi/vec4 0, 0, 4;
    %cmp/e;
    %flag_get/vec4 4;
    %and;
T_3.28;
    %flag_set/vec4 9;
    %flag_get/vec4 9;
    %jmp/0 T_3.27, 9;
    %load/vec4 v00000145f61b2050_0;
    %pushi/vec4 0, 0, 4;
    %cmp/e;
    %flag_get/vec4 4;
    %and;
T_3.27;
    %flag_set/vec4 8;
    %jmp/0xz  T_3.25, 8;
    %pushi/vec4 5, 0, 4;
    %assign/vec4 v00000145f61b1fb0_0, 0;
    %load/vec4 v00000145f61bf4a0_0;
    %subi 1, 0, 4;
    %assign/vec4 v00000145f61bf4a0_0, 0;
T_3.25 ;
    %load/vec4 v00000145f61bf4a0_0;
    %cmpi/e 0, 0, 4;
    %flag_get/vec4 4;
    %jmp/0 T_3.33, 4;
    %load/vec4 v00000145f61b1fb0_0;
    %pushi/vec4 0, 0, 4;
    %cmp/e;
    %flag_get/vec4 4;
    %and;
T_3.33;
    %flag_set/vec4 10;
    %flag_get/vec4 10;
    %jmp/0 T_3.32, 10;
    %load/vec4 v00000145f61bf540_0;
    %pushi/vec4 0, 0, 4;
    %cmp/e;
    %flag_get/vec4 4;
    %and;
T_3.32;
    %flag_set/vec4 9;
    %flag_get/vec4 9;
    %jmp/0 T_3.31, 9;
    %load/vec4 v00000145f61b2050_0;
    %pushi/vec4 0, 0, 4;
    %cmp/e;
    %flag_get/vec4 4;
    %and;
T_3.31;
    %flag_set/vec4 8;
    %jmp/0xz  T_3.29, 8;
    %pushi/vec4 9, 0, 4;
    %assign/vec4 v00000145f61bf4a0_0, 0;
T_3.29 ;
T_3.17 ;
    %jmp T_3;
    .thread T_3;
    .scope S_00000145f61bf180;
T_4 ;
    %pushi/vec4 0, 0, 1;
    %store/vec4 v00000145f61b2460_0, 0, 1;
T_4.0 ;
    %delay 50, 0;
    %load/vec4 v00000145f61b2460_0;
    %inv;
    %store/vec4 v00000145f61b2460_0, 0, 1;
    %jmp T_4.0;
    %end;
    .thread T_4;
    .scope S_00000145f61bf180;
T_5 ;
    %vpi_call 2 42 "$dumpfile", "dump.vcd" {0 0 0};
    %vpi_call 2 43 "$dumpvars", 32'sb00000000000000000000000000000000, S_00000145f61bf180 {0 0 0};
    %pushi/vec4 1, 0, 1;
    %store/vec4 v00000145f61b2c80_0, 0, 1;
    %pushi/vec4 1, 0, 1;
    %store/vec4 v00000145f61b2500_0, 0, 1;
    %pushi/vec4 0, 0, 1;
    %store/vec4 v00000145f61b2960_0, 0, 1;
    %delay 100, 0;
    %pushi/vec4 0, 0, 1;
    %store/vec4 v00000145f61b2c80_0, 0, 1;
    %pushi/vec4 0, 0, 1;
    %store/vec4 v00000145f61b2500_0, 0, 1;
    %delay 10000, 0;
    %pushi/vec4 1, 0, 1;
    %store/vec4 v00000145f61b2fa0_0, 0, 1;
    %delay 1000, 0;
    %pushi/vec4 0, 0, 1;
    %store/vec4 v00000145f61b2fa0_0, 0, 1;
    %delay 20000, 0;
    %pushi/vec4 1, 0, 1;
    %store/vec4 v00000145f61b2500_0, 0, 1;
    %delay 100, 0;
    %pushi/vec4 0, 0, 1;
    %store/vec4 v00000145f61b2500_0, 0, 1;
    %delay 50000, 0;
    %pushi/vec4 1, 0, 1;
    %store/vec4 v00000145f61b2960_0, 0, 1;
    %delay 800000, 0;
    %pushi/vec4 0, 0, 1;
    %store/vec4 v00000145f61b2960_0, 0, 1;
    %delay 110040, 0;
    %vpi_call 2 63 "$finish" {0 0 0};
    %end;
    .thread T_5;
# The file index is used to find the file name in the following table.
:file_names 4;
    "N/A";
    "<interactive>";
    "tb_stopwatch_V3.v";
    "stopwatch_V3.v";
